\BOOKMARK [1][-]{section.1}{\376\377\000P\000r\000o\000b\000l\000e\000m\000\040\0001}{}% 1
\BOOKMARK [2][-]{subsection.1.1}{}{section.1}% 2
\BOOKMARK [1][-]{section.2}{\376\377\000P\000r\000o\000b\000l\000e\000m\000\040\0002}{}% 3
\BOOKMARK [2][-]{subsection.2.1}{\376\377\000\050\000a\000\051}{section.2}% 4
\BOOKMARK [2][-]{subsection.2.2}{\376\377\000\050\000b\000\051}{section.2}% 5
\BOOKMARK [2][-]{subsection.2.3}{\376\377\000\050\000c\000\051}{section.2}% 6
\BOOKMARK [2][-]{subsection.2.4}{\376\377\000\050\000d\000\051}{section.2}% 7
\BOOKMARK [2][-]{subsection.2.5}{\376\377\000\050\000e\000\051}{section.2}% 8
\BOOKMARK [2][-]{subsection.2.6}{\376\377\000\050\000f\000\051}{section.2}% 9
\BOOKMARK [1][-]{section.3}{\376\377\000P\000r\000o\000b\000l\000e\000m\000\040\0003}{}% 10
\BOOKMARK [2][-]{subsection.3.1}{\376\377\000B\000o\000d\000e\000\040\000P\000l\000o\000t\000\040\0001\000:}{section.3}% 11
\BOOKMARK [3][-]{subsubsection.3.1.1}{\376\377\000G\000a\000i\000n\000,\000\040\000P\000o\000l\000e\000s\000,\000\040\000a\000n\000d\000\040\000Z\000e\000r\000o\000s\000:}{subsection.3.1}% 12
\BOOKMARK [3][-]{subsubsection.3.1.2}{\376\377\000C\000r\000o\000s\000s\000-\000o\000v\000e\000r\000\040\000F\000r\000e\000q\000u\000e\000n\000c\000y\000:}{subsection.3.1}% 13
\BOOKMARK [2][-]{subsection.3.2}{\376\377\000B\000o\000d\000e\000\040\000P\000l\000o\000t\000\040\0002\000:}{section.3}% 14
\BOOKMARK [3][-]{subsubsection.3.2.1}{\376\377\000G\000a\000i\000n\000,\000\040\000P\000o\000l\000e\000s\000,\000\040\000a\000n\000d\000\040\000Z\000e\000r\000o\000s\000:}{subsection.3.2}% 15
\BOOKMARK [3][-]{subsubsection.3.2.2}{\376\377\000T\000r\000a\000n\000s\000f\000e\000r\000\040\000F\000u\000n\000c\000t\000i\000o\000n\000:}{subsection.3.2}% 16
\BOOKMARK [3][-]{subsubsection.3.2.3}{\376\377\000C\000r\000o\000s\000s\000-\000o\000v\000e\000r\000\040\000F\000r\000e\000q\000u\000e\000n\000c\000y\000:}{subsection.3.2}% 17
\BOOKMARK [1][-]{section.4}{\376\377\000P\000r\000o\000b\000l\000e\000m\000\040\0004}{}% 18
\BOOKMARK [2][-]{subsection.4.1}{\376\377\000I\000s\000\040\000t\000h\000e\000\040\000f\000e\000e\000d\000b\000a\000c\000k\000\040\000s\000y\000s\000t\000e\000m\000\040\000s\000t\000a\000b\000l\000e\000?\000\040\000W\000h\000y\000?}{section.4}% 19
\BOOKMARK [2][-]{subsection.4.2}{\376\377\000F\000i\000n\000d\000\040\000p\000h\000a\000s\000e\000\040\000a\000n\000d\000\040\000c\000r\000o\000s\000s\000-\000o\000v\000e\000r\000\040\000f\000r\000e\000q\000u\000e\000n\000c\000i\000e\000s\000.}{section.4}% 20
\BOOKMARK [2][-]{subsection.4.3}{\376\377\000G\000a\000i\000n\000\040\000M\000a\000r\000g\000i\000n\000\040\000C\000l\000o\000s\000e\000d\000-\000l\000o\000o\000p\000\040\000p\000o\000l\000e\000s}{section.4}% 21
\BOOKMARK [3][-]{subsubsection.4.3.1}{\376\377\000g\0000\000\040\000=\000\040\0000\000.\0003\0005\0008\0005}{subsection.4.3}% 22
\BOOKMARK [3][-]{subsubsection.4.3.2}{\376\377\000g\0000\000\040\000=\000\040\0002\000.\0006\0004\0009\0000}{subsection.4.3}% 23
\BOOKMARK [2][-]{subsection.4.4}{\376\377\000S\000-\000T}{section.4}% 24
\BOOKMARK [2][-]{subsection.4.5}{\376\377\000S\000y\000m\000m\000e\000t\000r\000i\000c\000\040\000D\000i\000s\000k\000\040\000M\000a\000r\000g\000i\000n}{section.4}% 25
\BOOKMARK [2][-]{subsection.4.6}{\376\377\000\040\000o\000n\000\040\000D\000i\000s\000k\000\040\000b\000o\000u\000n\000d\000a\000r\000y}{section.4}% 26
\BOOKMARK [1][-]{appendix.A}{\376\377\000M\000A\000T\000L\000A\000B\000\040\000C\000o\000d\000e\000:}{}% 27
