This is pdfTeX, Version 3.141592653-2.6-1.40.23 (TeX Live 2021/W32TeX) (preloaded format=pdflatex 2021.9.1)  14 FEB 2022 13:44
entering extended mode
 restricted \write18 enabled.
 file:line:error style messages enabled.
 %&-line parsing enabled.
**"c:/Users/Jonas/OneDrive - The University of Texas at Dallas/2022_Spring/MECH6323/Homework/HW02/MECH6323-HW02.tex"
(c:/Users/Jonas/OneDrive - The University of Texas at Dallas/2022_Spring/MECH6323/Homework/HW02/MECH6323-HW02.tex
LaTeX2e <2021-06-01> patch level 1
L3 programming layer <2021-08-27> (c:/texlive/2021/texmf-dist/tex/latex/base/article.cls
Document Class: article 2021/02/12 v1.4n Standard LaTeX document class
(c:/texlive/2021/texmf-dist/tex/latex/base/size10.clo
File: size10.clo 2021/02/12 v1.4n Standard LaTeX file (size option)
)
\c@part=\count182
\c@section=\count183
\c@subsection=\count184
\c@subsubsection=\count185
\c@paragraph=\count186
\c@subparagraph=\count187
\c@figure=\count188
\c@table=\count189
\abovecaptionskip=\skip47
\belowcaptionskip=\skip48
\bibindent=\dimen138
) (c:/texlive/2021/texmf-dist/tex/latex/geometry/geometry.sty
Package: geometry 2020/01/02 v5.9 Page Geometry
 (c:/texlive/2021/texmf-dist/tex/latex/graphics/keyval.sty
Package: keyval 2014/10/28 v1.15 key=value parser (DPC)
\KV@toks@=\toks16
) (c:/texlive/2021/texmf-dist/tex/generic/iftex/ifvtex.sty
Package: ifvtex 2019/10/25 v1.7 ifvtex legacy package. Use iftex instead.
 (c:/texlive/2021/texmf-dist/tex/generic/iftex/iftex.sty
Package: iftex 2020/03/06 v1.0d TeX engine tests
))
\Gm@cnth=\count190
\Gm@cntv=\count191
\c@Gm@tempcnt=\count192
\Gm@bindingoffset=\dimen139
\Gm@wd@mp=\dimen140
\Gm@odd@mp=\dimen141
\Gm@even@mp=\dimen142
\Gm@layoutwidth=\dimen143
\Gm@layoutheight=\dimen144
\Gm@layouthoffset=\dimen145
\Gm@layoutvoffset=\dimen146
\Gm@dimlist=\toks17
) (c:/texlive/2021/texmf-dist/tex/latex/physics/physics.sty
Package: physics 
 (c:/texlive/2021/texmf-dist/tex/latex/l3packages/xparse/xparse.sty (c:/texlive/2021/texmf-dist/tex/latex/l3kernel/expl3.sty
Package: expl3 2021-08-27 L3 programming layer (loader) 
 (c:/texlive/2021/texmf-dist/tex/latex/l3backend/l3backend-pdftex.def
File: l3backend-pdftex.def 2021-08-04 L3 backend support: PDF output (pdfTeX)
\l__color_backend_stack_int=\count193
\l__pdf_internal_box=\box50
))
Package: xparse 2021-08-27 L3 Experimental document command parser
) (c:/texlive/2021/texmf-dist/tex/latex/amsmath/amsmath.sty
Package: amsmath 2021/04/20 v2.17j AMS math features
\@mathmargin=\skip49

For additional information on amsmath, use the `?' option.
(c:/texlive/2021/texmf-dist/tex/latex/amsmath/amstext.sty
Package: amstext 2000/06/29 v2.01 AMS text
 (c:/texlive/2021/texmf-dist/tex/latex/amsmath/amsgen.sty
File: amsgen.sty 1999/11/30 v2.0 generic functions
\@emptytoks=\toks18
\ex@=\dimen147
)) (c:/texlive/2021/texmf-dist/tex/latex/amsmath/amsbsy.sty
Package: amsbsy 1999/11/29 v1.2d Bold Symbols
\pmbraise@=\dimen148
) (c:/texlive/2021/texmf-dist/tex/latex/amsmath/amsopn.sty
Package: amsopn 2016/03/08 v2.02 operator names
)
\inf@bad=\count194
LaTeX Info: Redefining \frac on input line 234.
\uproot@=\count195
\leftroot@=\count196
LaTeX Info: Redefining \overline on input line 399.
\classnum@=\count197
\DOTSCASE@=\count198
LaTeX Info: Redefining \ldots on input line 496.
LaTeX Info: Redefining \dots on input line 499.
LaTeX Info: Redefining \cdots on input line 620.
\Mathstrutbox@=\box51
\strutbox@=\box52
\big@size=\dimen149
LaTeX Font Info:    Redeclaring font encoding OML on input line 743.
LaTeX Font Info:    Redeclaring font encoding OMS on input line 744.
\macc@depth=\count199
\c@MaxMatrixCols=\count266
\dotsspace@=\muskip16
\c@parentequation=\count267
\dspbrk@lvl=\count268
\tag@help=\toks19
\row@=\count269
\column@=\count270
\maxfields@=\count271
\andhelp@=\toks20
\eqnshift@=\dimen150
\alignsep@=\dimen151
\tagshift@=\dimen152
\tagwidth@=\dimen153
\totwidth@=\dimen154
\lineht@=\dimen155
\@envbody=\toks21
\multlinegap=\skip50
\multlinetaggap=\skip51
\mathdisplay@stack=\toks22
LaTeX Info: Redefining \[ on input line 2923.
LaTeX Info: Redefining \] on input line 2924.
)) (c:/texlive/2021/texmf-dist/tex/latex/mathtools/mathtools.sty
Package: mathtools 2021/04/12 v1.27 mathematical typesetting tools
 (c:/texlive/2021/texmf-dist/tex/latex/tools/calc.sty
Package: calc 2017/05/25 v4.3 Infix arithmetic (KKT,FJ)
\calc@Acount=\count272
\calc@Bcount=\count273
\calc@Adimen=\dimen156
\calc@Bdimen=\dimen157
\calc@Askip=\skip52
\calc@Bskip=\skip53
LaTeX Info: Redefining \setlength on input line 80.
LaTeX Info: Redefining \addtolength on input line 81.
\calc@Ccount=\count274
\calc@Cskip=\skip54
) (c:/texlive/2021/texmf-dist/tex/latex/mathtools/mhsetup.sty
Package: mhsetup 2021/03/18 v1.4 programming setup (MH)
)
LaTeX Info: Thecontrolsequence`\('isalreadyrobust on input line 130.
LaTeX Info: Thecontrolsequence`\)'isalreadyrobust on input line 130.
LaTeX Info: Thecontrolsequence`\['isalreadyrobust on input line 130.
LaTeX Info: Thecontrolsequence`\]'isalreadyrobust on input line 130.
\g_MT_multlinerow_int=\count275
\l_MT_multwidth_dim=\dimen158
\origjot=\skip55
\l_MT_shortvdotswithinadjustabove_dim=\dimen159
\l_MT_shortvdotswithinadjustbelow_dim=\dimen160
\l_MT_above_intertext_sep=\dimen161
\l_MT_below_intertext_sep=\dimen162
\l_MT_above_shortintertext_sep=\dimen163
\l_MT_below_shortintertext_sep=\dimen164
\xmathstrut@box=\box53
\xmathstrut@dim=\dimen165
) (c:/texlive/2021/texmf-dist/tex/latex/amsfonts/amssymb.sty
Package: amssymb 2013/01/14 v3.01 AMS font symbols
 (c:/texlive/2021/texmf-dist/tex/latex/amsfonts/amsfonts.sty
Package: amsfonts 2013/01/14 v3.01 Basic AMSFonts support
\symAMSa=\mathgroup4
\symAMSb=\mathgroup5
LaTeX Font Info:    Redeclaring math symbol \hbar on input line 98.
LaTeX Font Info:    Overwriting math alphabet `\mathfrak' in version `bold'
(Font)                  U/euf/m/n --> U/euf/b/n on input line 106.
)) (c:/texlive/2021/texmf-dist/tex/latex/graphics/graphicx.sty
Package: graphicx 2020/12/05 v1.2c Enhanced LaTeX Graphics (DPC,SPQR)
 (c:/texlive/2021/texmf-dist/tex/latex/graphics/graphics.sty
Package: graphics 2021/03/04 v1.4d Standard LaTeX Graphics (DPC,SPQR)
 (c:/texlive/2021/texmf-dist/tex/latex/graphics/trig.sty
Package: trig 2016/01/03 v1.10 sin cos tan (DPC)
) (c:/texlive/2021/texmf-dist/tex/latex/graphics-cfg/graphics.cfg
File: graphics.cfg 2016/06/04 v1.11 sample graphics configuration
)
Package graphics Info: Driver file: pdftex.def on input line 107.
 (c:/texlive/2021/texmf-dist/tex/latex/graphics-def/pdftex.def
File: pdftex.def 2020/10/05 v1.2a Graphics/color driver for pdftex
))
\Gin@req@height=\dimen166
\Gin@req@width=\dimen167
) (c:/texlive/2021/texmf-dist/tex/latex/hyperref/hyperref.sty
Package: hyperref 2021-06-07 v7.00m Hypertext links for LaTeX
 (c:/texlive/2021/texmf-dist/tex/generic/ltxcmds/ltxcmds.sty
Package: ltxcmds 2020-05-10 v1.25 LaTeX kernel commands for general use (HO)
) (c:/texlive/2021/texmf-dist/tex/generic/pdftexcmds/pdftexcmds.sty
Package: pdftexcmds 2020-06-27 v0.33 Utility functions of pdfTeX for LuaTeX (HO)
 (c:/texlive/2021/texmf-dist/tex/generic/infwarerr/infwarerr.sty
Package: infwarerr 2019/12/03 v1.5 Providing info/warning/error messages (HO)
)
Package pdftexcmds Info: \pdf@primitive is available.
Package pdftexcmds Info: \pdf@ifprimitive is available.
Package pdftexcmds Info: \pdfdraftmode found.
) (c:/texlive/2021/texmf-dist/tex/generic/kvsetkeys/kvsetkeys.sty
Package: kvsetkeys 2019/12/15 v1.18 Key value parser (HO)
) (c:/texlive/2021/texmf-dist/tex/generic/kvdefinekeys/kvdefinekeys.sty
Package: kvdefinekeys 2019-12-19 v1.6 Define keys (HO)
) (c:/texlive/2021/texmf-dist/tex/generic/pdfescape/pdfescape.sty
Package: pdfescape 2019/12/09 v1.15 Implements pdfTeX's escape features (HO)
) (c:/texlive/2021/texmf-dist/tex/latex/hycolor/hycolor.sty
Package: hycolor 2020-01-27 v1.10 Color options for hyperref/bookmark (HO)
) (c:/texlive/2021/texmf-dist/tex/latex/letltxmacro/letltxmacro.sty
Package: letltxmacro 2019/12/03 v1.6 Let assignment for LaTeX macros (HO)
) (c:/texlive/2021/texmf-dist/tex/latex/auxhook/auxhook.sty
Package: auxhook 2019-12-17 v1.6 Hooks for auxiliary files (HO)
) (c:/texlive/2021/texmf-dist/tex/latex/kvoptions/kvoptions.sty
Package: kvoptions 2020-10-07 v3.14 Key value format for package options (HO)
)
\@linkdim=\dimen168
\Hy@linkcounter=\count276
\Hy@pagecounter=\count277
 (c:/texlive/2021/texmf-dist/tex/latex/hyperref/pd1enc.def
File: pd1enc.def 2021-06-07 v7.00m Hyperref: PDFDocEncoding definition (HO)
Now handling font encoding PD1 ...
... no UTF-8 mapping file for font encoding PD1
) (c:/texlive/2021/texmf-dist/tex/latex/hyperref/hyperref-langpatches.def
File: hyperref-langpatches.def 2021-06-07 v7.00m Hyperref: patches for babel languages
) (c:/texlive/2021/texmf-dist/tex/generic/intcalc/intcalc.sty
Package: intcalc 2019/12/15 v1.3 Expandable calculations with integers (HO)
) (c:/texlive/2021/texmf-dist/tex/generic/etexcmds/etexcmds.sty
Package: etexcmds 2019/12/15 v1.7 Avoid name clashes with e-TeX commands (HO)
)
\Hy@SavedSpaceFactor=\count278
 (c:/texlive/2021/texmf-dist/tex/latex/hyperref/puenc.def
File: puenc.def 2021-06-07 v7.00m Hyperref: PDF Unicode definition (HO)
Now handling font encoding PU ...
... no UTF-8 mapping file for font encoding PU
)
Package hyperref Info: Hyper figures OFF on input line 4192.
Package hyperref Info: Link nesting OFF on input line 4197.
Package hyperref Info: Hyper index ON on input line 4200.
Package hyperref Info: Plain pages OFF on input line 4207.
Package hyperref Info: Backreferencing OFF on input line 4212.
Package hyperref Info: Implicit mode ON; LaTeX internals redefined.
Package hyperref Info: Bookmarks ON on input line 4445.
\c@Hy@tempcnt=\count279
 (c:/texlive/2021/texmf-dist/tex/latex/url/url.sty
\Urlmuskip=\muskip17
Package: url 2013/09/16  ver 3.4  Verb mode for urls, etc.
)
LaTeX Info: Redefining \url on input line 4804.
\XeTeXLinkMargin=\dimen169
 (c:/texlive/2021/texmf-dist/tex/generic/bitset/bitset.sty
Package: bitset 2019/12/09 v1.3 Handle bit-vector datatype (HO)
 (c:/texlive/2021/texmf-dist/tex/generic/bigintcalc/bigintcalc.sty
Package: bigintcalc 2019/12/15 v1.5 Expandable calculations on big integers (HO)
))
\Fld@menulength=\count280
\Field@Width=\dimen170
\Fld@charsize=\dimen171
Package hyperref Info: Hyper figures OFF on input line 6076.
Package hyperref Info: Link nesting OFF on input line 6081.
Package hyperref Info: Hyper index ON on input line 6084.
Package hyperref Info: backreferencing OFF on input line 6091.
Package hyperref Info: Link coloring OFF on input line 6096.
Package hyperref Info: Link coloring with OCG OFF on input line 6101.
Package hyperref Info: PDF/A mode OFF on input line 6106.
LaTeX Info: Redefining \ref on input line 6146.
LaTeX Info: Redefining \pageref on input line 6150.
 (c:/texlive/2021/texmf-dist/tex/latex/base/atbegshi-ltx.sty
Package: atbegshi-ltx 2021/01/10 v1.0c Emulation of the original atbegshi
package with kernel methods
)
\Hy@abspage=\count281
\c@Item=\count282
\c@Hfootnote=\count283
)
Package hyperref Info: Driver (autodetected): hpdftex.
 (c:/texlive/2021/texmf-dist/tex/latex/hyperref/hpdftex.def
File: hpdftex.def 2021-06-07 v7.00m Hyperref driver for pdfTeX
 (c:/texlive/2021/texmf-dist/tex/latex/base/atveryend-ltx.sty
Package: atveryend-ltx 2020/08/19 v1.0a Emulation of the original atvery package
with kernel methods
)
\Fld@listcount=\count284
\c@bookmark@seq@number=\count285
 (c:/texlive/2021/texmf-dist/tex/latex/rerunfilecheck/rerunfilecheck.sty
Package: rerunfilecheck 2019/12/05 v1.9 Rerun checks for auxiliary files (HO)
 (c:/texlive/2021/texmf-dist/tex/generic/uniquecounter/uniquecounter.sty
Package: uniquecounter 2019/12/15 v1.4 Provide unlimited unique counter (HO)
)
Package uniquecounter Info: New unique counter `rerunfilecheck' on input line 286.
)
\Hy@SectionHShift=\skip56
) (c:/texlive/2021/texmf-dist/tex/latex/mathtools/empheq.sty
Package: empheq 2017/03/31 v2.15 Emphasizing equations
\l_EQ_equationtype_int=\count286
\l_EQ_alignmentmode_int=\count287
\l_EQ_totalwidth_dim=\dimen172
\l_EQ_displaywidth_dim=\dimen173
\l_EQ_temp_linewidth_dim=\dimen174
\l_EQ_linewidth_dim=\dimen175
\EmphEqdelimitershortfall=\dimen176
\EmphEqdelimiterfactor=\count288
\g_EQ_toptag_height_dim=\dimen177
\g_EQ_bottomtag_depth_dim=\dimen178
\g_EQ_toprow_height_dim=\dimen179
\g_EQ_bottomrow_depth_dim=\dimen180
\g_EQ_widesttag_dim=\dimen181
\EQ_mathdisplay_box=\box54
\EQ_tag_box=\box55
\g_EQ_temprow_int=\count289
) (c:/texlive/2021/texmf-dist/tex/latex/pdfpages/pdfpages.sty
Package: pdfpages 2021/03/06 v0.5t Insert pages of external PDF documents (AM)
 (c:/texlive/2021/texmf-dist/tex/latex/base/ifthen.sty
Package: ifthen 2020/11/24 v1.1c Standard LaTeX ifthen package (DPC)
) (c:/texlive/2021/texmf-dist/tex/latex/eso-pic/eso-pic.sty
Package: eso-pic 2020/10/14 v3.0a eso-pic (RN)
\ESO@tempdima=\dimen182
\ESO@tempdimb=\dimen183
 (c:/texlive/2021/texmf-dist/tex/latex/xcolor/xcolor.sty
Package: xcolor 2016/05/11 v2.12 LaTeX color extensions (UK)
 (c:/texlive/2021/texmf-dist/tex/latex/graphics-cfg/color.cfg
File: color.cfg 2016/01/02 v1.6 sample color configuration
)
Package xcolor Info: Driver file: pdftex.def on input line 225.
Package xcolor Info: Model `cmy' substituted by `cmy0' on input line 1348.
Package xcolor Info: Model `hsb' substituted by `rgb' on input line 1352.
Package xcolor Info: Model `RGB' extended on input line 1364.
Package xcolor Info: Model `HTML' substituted by `rgb' on input line 1366.
Package xcolor Info: Model `Hsb' substituted by `hsb' on input line 1367.
Package xcolor Info: Model `tHsb' substituted by `hsb' on input line 1368.
Package xcolor Info: Model `HSB' substituted by `hsb' on input line 1369.
Package xcolor Info: Model `Gray' substituted by `gray' on input line 1370.
Package xcolor Info: Model `wave' substituted by `hsb' on input line 1371.
))
\AM@pagewidth=\dimen184
\AM@pageheight=\dimen185
\AM@fboxrule=\dimen186
 (c:/texlive/2021/texmf-dist/tex/latex/pdfpages/pppdftex.def
File: pppdftex.def 2021/03/06 v0.5t Pdfpages driver for pdfTeX (AM)
)
\pdfpages@includegraphics@status=\count290
\AM@pagebox=\box56
\AM@global@opts=\toks23
\AM@pagecnt=\count291
\AM@toc@title=\toks24
\c@AM@survey=\count292
\AM@templatesizebox=\box57
) (c:/texlive/2021/texmf-dist/tex/latex/matlab-prettifier/matlab-prettifier.sty
Package: matlab-prettifier 2014/06/19 v0.3 A package for prettyprinting Matlab source code
 (c:/texlive/2021/texmf-dist/tex/latex/base/textcomp.sty
Package: textcomp 2020/02/02 v2.0n Standard LaTeX package
) (c:/texlive/2021/texmf-dist/tex/latex/listings/listings.sty
\lst@mode=\count293
\lst@gtempboxa=\box58
\lst@token=\toks25
\lst@length=\count294
\lst@currlwidth=\dimen187
\lst@column=\count295
\lst@pos=\count296
\lst@lostspace=\dimen188
\lst@width=\dimen189
\lst@newlines=\count297
\lst@lineno=\count298
\lst@maxwidth=\dimen190
 (c:/texlive/2021/texmf-dist/tex/latex/listings/lstmisc.sty
File: lstmisc.sty 2020/03/24 1.8d (Carsten Heinz)
\c@lstnumber=\count299
\lst@skipnumbers=\count300
\lst@framebox=\box59
) (c:/texlive/2021/texmf-dist/tex/latex/listings/listings.cfg
File: listings.cfg 2020/03/24 1.8d listings configuration
))
Package: listings 2020/03/24 1.8d (Carsten Heinz)
\netBracketCount@mlpr=\count301
\blkLvl@mlpr=\count302
\blkLvlAtClassdef@mlpr=\count303
\emHeight@mlpr=\skip57
\jayDepth@mlpr=\skip58
\sectionRuleOffset@mlpr=\skip59
\toks@mlpr=\toks26
)

LaTeX Warning: Unused global option(s):
    [letter].

(./MECH6323-HW02.aux)
\openout1 = `MECH6323-HW02.aux'.

LaTeX Font Info:    Checking defaults for OML/cmm/m/it on input line 27.
LaTeX Font Info:    ... okay on input line 27.
LaTeX Font Info:    Checking defaults for OMS/cmsy/m/n on input line 27.
LaTeX Font Info:    ... okay on input line 27.
LaTeX Font Info:    Checking defaults for OT1/cmr/m/n on input line 27.
LaTeX Font Info:    ... okay on input line 27.
LaTeX Font Info:    Checking defaults for T1/cmr/m/n on input line 27.
LaTeX Font Info:    ... okay on input line 27.
LaTeX Font Info:    Checking defaults for TS1/cmr/m/n on input line 27.
LaTeX Font Info:    ... okay on input line 27.
LaTeX Font Info:    Checking defaults for OMX/cmex/m/n on input line 27.
LaTeX Font Info:    ... okay on input line 27.
LaTeX Font Info:    Checking defaults for U/cmr/m/n on input line 27.
LaTeX Font Info:    ... okay on input line 27.
LaTeX Font Info:    Checking defaults for PD1/pdf/m/n on input line 27.
LaTeX Font Info:    ... okay on input line 27.
LaTeX Font Info:    Checking defaults for PU/pdf/m/n on input line 27.
LaTeX Font Info:    ... okay on input line 27.

*geometry* driver: auto-detecting
*geometry* detected driver: pdftex
*geometry* verbose mode - [ preamble ] result:
* driver: pdftex
* paper: <default>
* layout: <same size as paper>
* layoutoffset:(h,v)=(0.0pt,0.0pt)
* modes: 
* h-part:(L,W,R)=(72.26999pt, 469.75502pt, 72.26999pt)
* v-part:(T,H,B)=(72.26999pt, 650.43001pt, 72.26999pt)
* \paperwidth=614.295pt
* \paperheight=794.96999pt
* \textwidth=469.75502pt
* \textheight=650.43001pt
* \oddsidemargin=0.0pt
* \evensidemargin=0.0pt
* \topmargin=-37.0pt
* \headheight=12.0pt
* \headsep=25.0pt
* \topskip=10.0pt
* \footskip=30.0pt
* \marginparwidth=65.0pt
* \marginparsep=11.0pt
* \columnsep=10.0pt
* \skip\footins=9.0pt plus 4.0pt minus 2.0pt
* \hoffset=0.0pt
* \voffset=0.0pt
* \mag=1000
* \@twocolumnfalse
* \@twosidefalse
* \@mparswitchfalse
* \@reversemarginfalse
* (1in=72.27pt=25.4mm, 1cm=28.453pt)

(c:/texlive/2021/texmf-dist/tex/context/base/mkii/supp-pdf.mkii
[Loading MPS to PDF converter (version 2006.09.02).]
\scratchcounter=\count304
\scratchdimen=\dimen191
\scratchbox=\box60
\nofMPsegments=\count305
\nofMParguments=\count306
\everyMPshowfont=\toks27
\MPscratchCnt=\count307
\MPscratchDim=\dimen192
\MPnumerator=\count308
\makeMPintoPDFobject=\count309
\everyMPtoPDFconversion=\toks28
) (c:/texlive/2021/texmf-dist/tex/latex/epstopdf-pkg/epstopdf-base.sty
Package: epstopdf-base 2020-01-24 v2.11 Base part for package epstopdf
Package epstopdf-base Info: Redefining graphics rule for `.eps' on input line 485.
 (c:/texlive/2021/texmf-dist/tex/latex/latexconfig/epstopdf-sys.cfg
File: epstopdf-sys.cfg 2010/07/13 v1.3 Configuration of (r)epstopdf for TeX Live
))
Package hyperref Info: Link coloring OFF on input line 27.
 (c:/texlive/2021/texmf-dist/tex/latex/hyperref/nameref.sty
Package: nameref 2021-04-02 v2.47 Cross-referencing by name of section
 (c:/texlive/2021/texmf-dist/tex/latex/refcount/refcount.sty
Package: refcount 2019/12/15 v3.6 Data extraction from label references (HO)
) (c:/texlive/2021/texmf-dist/tex/generic/gettitlestring/gettitlestring.sty
Package: gettitlestring 2019/12/15 v1.6 Cleanup title references (HO)
)
\c@section@level=\count310
)
LaTeX Info: Redefining \ref on input line 27.
LaTeX Info: Redefining \pageref on input line 27.
LaTeX Info: Redefining \nameref on input line 27.
 (./MECH6323-HW02.out) (./MECH6323-HW02.out)
\@outlinefile=\write3
\openout3 = `MECH6323-HW02.out'.

 (c:/texlive/2021/texmf-dist/tex/latex/pdflscape/pdflscape.sty
Package: pdflscape 2019/12/05 v0.12 Display of landscape pages in PDF (HO)
 (c:/texlive/2021/texmf-dist/tex/latex/graphics/lscape.sty
Package: lscape 2020/05/28 v3.02 Landscape Pages (DPC)
)
Package pdflscape Info: Auto-detected driver: pdftex on input line 81.
)
\c@lstlisting=\count311
LaTeX Font Info:    Trying to load font information for U+msa on input line 30.
 (c:/texlive/2021/texmf-dist/tex/latex/amsfonts/umsa.fd
File: umsa.fd 2013/01/14 v3.01 AMS symbols A
)
LaTeX Font Info:    Trying to load font information for U+msb on input line 30.
 (c:/texlive/2021/texmf-dist/tex/latex/amsfonts/umsb.fd
File: umsb.fd 2013/01/14 v3.01 AMS symbols B
) (./MECH6323-HW02.toc)
\tf@toc=\write4
\openout4 = `MECH6323-HW02.toc'.

 [1

{c:/texlive/2021/texmf-var/fonts/map/pdftex/updmap/pdftex.map}]
<figs/pblm1.png, id=164, 582.67688pt x 154.07562pt>
File: figs/pblm1.png Graphic file (type png)
<use figs/pblm1.png>
Package pdftex.def Info: figs/pblm1.png  used on input line 39.
(pdftex.def)             Requested size: 234.8775pt x 62.1064pt.
 [2 <./figs/pblm1.png>] [3]
<figs/pblm2a.png, id=177, 632.3625pt x 474.27188pt>
File: figs/pblm2a.png Graphic file (type png)
<use figs/pblm2a.png>
Package pdftex.def Info: figs/pblm2a.png  used on input line 127.
(pdftex.def)             Requested size: 469.75502pt x 352.32346pt.
 [4 <./figs/pblm2a.png (PNG copy)>]
<figs/pblm2b.png, id=189, 632.3625pt x 474.27188pt>
File: figs/pblm2b.png Graphic file (type png)
<use figs/pblm2b.png>
Package pdftex.def Info: figs/pblm2b.png  used on input line 162.
(pdftex.def)             Requested size: 469.75502pt x 352.32346pt.
 [5 <./figs/pblm2b.png (PNG copy)>]
<figs/pblm2c.png, id=201, 632.3625pt x 474.27188pt>
File: figs/pblm2c.png Graphic file (type png)
<use figs/pblm2c.png>
Package pdftex.def Info: figs/pblm2c.png  used on input line 193.
(pdftex.def)             Requested size: 469.75502pt x 352.32346pt.
 [6 <./figs/pblm2c.png (PNG copy)>]
<figs/pblm2d.png, id=213, 632.3625pt x 474.27188pt>
File: figs/pblm2d.png Graphic file (type png)
<use figs/pblm2d.png>
Package pdftex.def Info: figs/pblm2d.png  used on input line 228.
(pdftex.def)             Requested size: 469.75502pt x 352.32346pt.
 [7 <./figs/pblm2d.png (PNG copy)>]
<figs/pblm2e.png, id=225, 632.3625pt x 474.27188pt>
File: figs/pblm2e.png Graphic file (type png)
<use figs/pblm2e.png>
Package pdftex.def Info: figs/pblm2e.png  used on input line 265.
(pdftex.def)             Requested size: 469.75502pt x 352.32346pt.
 [8 <./figs/pblm2e.png (PNG copy)>]
<figs/pblm2f.png, id=237, 632.3625pt x 474.27188pt>
File: figs/pblm2f.png Graphic file (type png)
<use figs/pblm2f.png>
Package pdftex.def Info: figs/pblm2f.png  used on input line 300.
(pdftex.def)             Requested size: 469.75502pt x 352.32346pt.
 [9 <./figs/pblm2f.png (PNG copy)>]
<figs/pblm3a.jpg, id=249, 369.89545pt x 312.03061pt>
File: figs/pblm3a.jpg Graphic file (type jpg)
<use figs/pblm3a.jpg>
Package pdftex.def Info: figs/pblm3a.jpg  used on input line 315.
(pdftex.def)             Requested size: 234.8775pt x 198.13246pt.
 [10 <./figs/pblm3a.jpg>]
<figs/pblm3b.jpg, id=265, 369.89545pt x 312.03061pt>
File: figs/pblm3b.jpg Graphic file (type jpg)
<use figs/pblm3b.jpg>
Package pdftex.def Info: figs/pblm3b.jpg  used on input line 348.
(pdftex.def)             Requested size: 234.8775pt x 198.13246pt.
 [11 <./figs/pblm3b.jpg>]
<figs/pblm4_L_bode.png, id=280, 632.3625pt x 474.27188pt>
File: figs/pblm4_L_bode.png Graphic file (type png)
<use figs/pblm4_L_bode.png>
Package pdftex.def Info: figs/pblm4_L_bode.png  used on input line 427.
(pdftex.def)             Requested size: 328.82707pt x 246.62279pt.


Package hyperref Warning: Token not allowed in a PDF string (Unicode):
(hyperref)                removing `math shift' on input line 454.


Package hyperref Warning: Token not allowed in a PDF string (Unicode):
(hyperref)                removing `subscript' on input line 454.


Package hyperref Warning: Token not allowed in a PDF string (Unicode):
(hyperref)                removing `math shift' on input line 454.

[12]

Package hyperref Warning: Token not allowed in a PDF string (Unicode):
(hyperref)                removing `math shift' on input line 470.


Package hyperref Warning: Token not allowed in a PDF string (Unicode):
(hyperref)                removing `subscript' on input line 470.


Package hyperref Warning: Token not allowed in a PDF string (Unicode):
(hyperref)                removing `math shift' on input line 470.


Package hyperref Warning: Token not allowed in a PDF string (Unicode):
(hyperref)                removing `math shift' on input line 485.


Package hyperref Warning: Token not allowed in a PDF string (Unicode):
(hyperref)                removing `\norm' on input line 485.


Package hyperref Warning: Token not allowed in a PDF string (Unicode):
(hyperref)                removing `subscript' on input line 485.


Package hyperref Warning: Token not allowed in a PDF string (Unicode):
(hyperref)                removing `\infty' on input line 485.


Package hyperref Warning: Token not allowed in a PDF string (Unicode):
(hyperref)                removing `math shift' on input line 485.

[13 <./figs/pblm4_L_bode.png>]
Overfull \hbox (51.17747pt too wide) detected at line 515
\OML/cmm/m/it/10 S\OT1/cmr/m/n/10 (\OML/cmm/m/it/10 s\OT1/cmr/m/n/10 ) \OMS/cmsy/m/n/10 ^^@ \OML/cmm/m/it/10 T\OT1/cmr/m/n/10 (\OML/cmm/m/it/10 s\OT1/cmr/m/n/10 ) = []
 []


Package hyperref Warning: Token not allowed in a PDF string (Unicode):
(hyperref)                removing `math shift' on input line 545.


Package hyperref Warning: Token not allowed in a PDF string (Unicode):
(hyperref)                removing `\alpha' on input line 545.


Package hyperref Warning: Token not allowed in a PDF string (Unicode):
(hyperref)                removing `math shift' on input line 545.

[14] [15]
<MECH6323_HW02.pdf, id=311, 614.295pt x 794.97pt>
File: MECH6323_HW02.pdf Graphic file (type pdf)
<use MECH6323_HW02.pdf>
Package pdftex.def Info: MECH6323_HW02.pdf  used on input line 586.
(pdftex.def)             Requested size: 614.29349pt x 794.96806pt.
File: MECH6323_HW02.pdf Graphic file (type pdf)
<use MECH6323_HW02.pdf>
Package pdftex.def Info: MECH6323_HW02.pdf  used on input line 586.
(pdftex.def)             Requested size: 614.29349pt x 794.96806pt.
<MECH6323_HW02.pdf, id=314, page=1, 614.295pt x 794.97pt>
File: MECH6323_HW02.pdf Graphic file (type pdf)
<use MECH6323_HW02.pdf, page 1>
Package pdftex.def Info: MECH6323_HW02.pdf , page1 used on input line 586.
(pdftex.def)             Requested size: 614.29349pt x 794.96806pt.
File: MECH6323_HW02.pdf Graphic file (type pdf)
<use MECH6323_HW02.pdf, page 1>
Package pdftex.def Info: MECH6323_HW02.pdf , page1 used on input line 586.
(pdftex.def)             Requested size: 614.58406pt x 795.3441pt.
 [16]
File: MECH6323_HW02.pdf Graphic file (type pdf)
<use MECH6323_HW02.pdf, page 1>
Package pdftex.def Info: MECH6323_HW02.pdf , page1 used on input line 586.
(pdftex.def)             Requested size: 614.58406pt x 795.3441pt.
File: MECH6323_HW02.pdf Graphic file (type pdf)
<use MECH6323_HW02.pdf, page 1>
Package pdftex.def Info: MECH6323_HW02.pdf , page1 used on input line 586.
(pdftex.def)             Requested size: 614.58406pt x 795.3441pt.
File: MECH6323_HW02.pdf Graphic file (type pdf)
<use MECH6323_HW02.pdf, page 1>
Package pdftex.def Info: MECH6323_HW02.pdf , page1 used on input line 586.
(pdftex.def)             Requested size: 614.58406pt x 795.3441pt.
 [17 <./MECH6323_HW02.pdf>]
<MECH6323_HW02.pdf, id=363, page=2, 614.295pt x 794.97pt>
File: MECH6323_HW02.pdf Graphic file (type pdf)
<use MECH6323_HW02.pdf, page 2>
Package pdftex.def Info: MECH6323_HW02.pdf , page2 used on input line 586.
(pdftex.def)             Requested size: 614.58406pt x 795.3441pt.
File: MECH6323_HW02.pdf Graphic file (type pdf)
<use MECH6323_HW02.pdf, page 2>
Package pdftex.def Info: MECH6323_HW02.pdf , page2 used on input line 586.
(pdftex.def)             Requested size: 614.58406pt x 795.3441pt.
File: MECH6323_HW02.pdf Graphic file (type pdf)
<use MECH6323_HW02.pdf, page 2>
Package pdftex.def Info: MECH6323_HW02.pdf , page2 used on input line 586.
(pdftex.def)             Requested size: 614.58406pt x 795.3441pt.
 [18 <./MECH6323_HW02.pdf>]
<MECH6323_HW02.pdf, id=368, page=3, 614.295pt x 794.97pt>
File: MECH6323_HW02.pdf Graphic file (type pdf)
<use MECH6323_HW02.pdf, page 3>
Package pdftex.def Info: MECH6323_HW02.pdf , page3 used on input line 586.
(pdftex.def)             Requested size: 614.58406pt x 795.3441pt.
File: MECH6323_HW02.pdf Graphic file (type pdf)
<use MECH6323_HW02.pdf, page 3>
Package pdftex.def Info: MECH6323_HW02.pdf , page3 used on input line 586.
(pdftex.def)             Requested size: 614.58406pt x 795.3441pt.
File: MECH6323_HW02.pdf Graphic file (type pdf)
<use MECH6323_HW02.pdf, page 3>
Package pdftex.def Info: MECH6323_HW02.pdf , page3 used on input line 586.
(pdftex.def)             Requested size: 614.58406pt x 795.3441pt.
 [19 <./MECH6323_HW02.pdf>]
<MECH6323_HW02.pdf, id=374, page=4, 614.295pt x 794.97pt>
File: MECH6323_HW02.pdf Graphic file (type pdf)
<use MECH6323_HW02.pdf, page 4>
Package pdftex.def Info: MECH6323_HW02.pdf , page4 used on input line 586.
(pdftex.def)             Requested size: 614.58406pt x 795.3441pt.
File: MECH6323_HW02.pdf Graphic file (type pdf)
<use MECH6323_HW02.pdf, page 4>
Package pdftex.def Info: MECH6323_HW02.pdf , page4 used on input line 586.
(pdftex.def)             Requested size: 614.58406pt x 795.3441pt.
File: MECH6323_HW02.pdf Graphic file (type pdf)
<use MECH6323_HW02.pdf, page 4>
Package pdftex.def Info: MECH6323_HW02.pdf , page4 used on input line 586.
(pdftex.def)             Requested size: 614.58406pt x 795.3441pt.
 [20 <./MECH6323_HW02.pdf>]
<MECH6323_HW02.pdf, id=379, page=5, 614.295pt x 794.97pt>
File: MECH6323_HW02.pdf Graphic file (type pdf)
<use MECH6323_HW02.pdf, page 5>
Package pdftex.def Info: MECH6323_HW02.pdf , page5 used on input line 586.
(pdftex.def)             Requested size: 614.58406pt x 795.3441pt.
File: MECH6323_HW02.pdf Graphic file (type pdf)
<use MECH6323_HW02.pdf, page 5>
Package pdftex.def Info: MECH6323_HW02.pdf , page5 used on input line 586.
(pdftex.def)             Requested size: 614.58406pt x 795.3441pt.
File: MECH6323_HW02.pdf Graphic file (type pdf)
<use MECH6323_HW02.pdf, page 5>
Package pdftex.def Info: MECH6323_HW02.pdf , page5 used on input line 586.
(pdftex.def)             Requested size: 614.58406pt x 795.3441pt.
 [21 <./MECH6323_HW02.pdf>]
<MECH6323_HW02.pdf, id=384, page=6, 614.295pt x 794.97pt>
File: MECH6323_HW02.pdf Graphic file (type pdf)
<use MECH6323_HW02.pdf, page 6>
Package pdftex.def Info: MECH6323_HW02.pdf , page6 used on input line 586.
(pdftex.def)             Requested size: 614.58406pt x 795.3441pt.
File: MECH6323_HW02.pdf Graphic file (type pdf)
<use MECH6323_HW02.pdf, page 6>
Package pdftex.def Info: MECH6323_HW02.pdf , page6 used on input line 586.
(pdftex.def)             Requested size: 614.58406pt x 795.3441pt.
File: MECH6323_HW02.pdf Graphic file (type pdf)
<use MECH6323_HW02.pdf, page 6>
Package pdftex.def Info: MECH6323_HW02.pdf , page6 used on input line 586.
(pdftex.def)             Requested size: 614.58406pt x 795.3441pt.
 [22 <./MECH6323_HW02.pdf>]
<MECH6323_HW02.pdf, id=389, page=7, 614.295pt x 794.97pt>
File: MECH6323_HW02.pdf Graphic file (type pdf)
<use MECH6323_HW02.pdf, page 7>
Package pdftex.def Info: MECH6323_HW02.pdf , page7 used on input line 586.
(pdftex.def)             Requested size: 614.58406pt x 795.3441pt.
File: MECH6323_HW02.pdf Graphic file (type pdf)
<use MECH6323_HW02.pdf, page 7>
Package pdftex.def Info: MECH6323_HW02.pdf , page7 used on input line 586.
(pdftex.def)             Requested size: 614.58406pt x 795.3441pt.
File: MECH6323_HW02.pdf Graphic file (type pdf)
<use MECH6323_HW02.pdf, page 7>
Package pdftex.def Info: MECH6323_HW02.pdf , page7 used on input line 586.
(pdftex.def)             Requested size: 614.58406pt x 795.3441pt.
 [23 <./MECH6323_HW02.pdf>]
<MECH6323_HW02.pdf, id=394, page=8, 614.295pt x 794.97pt>
File: MECH6323_HW02.pdf Graphic file (type pdf)
<use MECH6323_HW02.pdf, page 8>
Package pdftex.def Info: MECH6323_HW02.pdf , page8 used on input line 586.
(pdftex.def)             Requested size: 614.58406pt x 795.3441pt.
File: MECH6323_HW02.pdf Graphic file (type pdf)
<use MECH6323_HW02.pdf, page 8>
Package pdftex.def Info: MECH6323_HW02.pdf , page8 used on input line 586.
(pdftex.def)             Requested size: 614.58406pt x 795.3441pt.
File: MECH6323_HW02.pdf Graphic file (type pdf)
<use MECH6323_HW02.pdf, page 8>
Package pdftex.def Info: MECH6323_HW02.pdf , page8 used on input line 586.
(pdftex.def)             Requested size: 614.58406pt x 795.3441pt.
 [24 <./MECH6323_HW02.pdf>]
<MECH6323_HW02.pdf, id=399, page=9, 614.295pt x 794.97pt>
File: MECH6323_HW02.pdf Graphic file (type pdf)
<use MECH6323_HW02.pdf, page 9>
Package pdftex.def Info: MECH6323_HW02.pdf , page9 used on input line 586.
(pdftex.def)             Requested size: 614.58406pt x 795.3441pt.
File: MECH6323_HW02.pdf Graphic file (type pdf)
<use MECH6323_HW02.pdf, page 9>
Package pdftex.def Info: MECH6323_HW02.pdf , page9 used on input line 586.
(pdftex.def)             Requested size: 614.58406pt x 795.3441pt.
File: MECH6323_HW02.pdf Graphic file (type pdf)
<use MECH6323_HW02.pdf, page 9>
Package pdftex.def Info: MECH6323_HW02.pdf , page9 used on input line 586.
(pdftex.def)             Requested size: 614.58406pt x 795.3441pt.
 [25 <./MECH6323_HW02.pdf>]
<MECH6323_HW02.pdf, id=405, page=10, 614.295pt x 794.97pt>
File: MECH6323_HW02.pdf Graphic file (type pdf)
<use MECH6323_HW02.pdf, page 10>
Package pdftex.def Info: MECH6323_HW02.pdf , page10 used on input line 586.
(pdftex.def)             Requested size: 614.58406pt x 795.3441pt.
File: MECH6323_HW02.pdf Graphic file (type pdf)
<use MECH6323_HW02.pdf, page 10>
Package pdftex.def Info: MECH6323_HW02.pdf , page10 used on input line 586.
(pdftex.def)             Requested size: 614.58406pt x 795.3441pt.
File: MECH6323_HW02.pdf Graphic file (type pdf)
<use MECH6323_HW02.pdf, page 10>
Package pdftex.def Info: MECH6323_HW02.pdf , page10 used on input line 586.
(pdftex.def)             Requested size: 614.58406pt x 795.3441pt.
 [26 <./MECH6323_HW02.pdf>]
<MECH6323_HW02.pdf, id=410, page=11, 614.295pt x 794.97pt>
File: MECH6323_HW02.pdf Graphic file (type pdf)
<use MECH6323_HW02.pdf, page 11>
Package pdftex.def Info: MECH6323_HW02.pdf , page11 used on input line 586.
(pdftex.def)             Requested size: 614.58406pt x 795.3441pt.
File: MECH6323_HW02.pdf Graphic file (type pdf)
<use MECH6323_HW02.pdf, page 11>
Package pdftex.def Info: MECH6323_HW02.pdf , page11 used on input line 586.
(pdftex.def)             Requested size: 614.58406pt x 795.3441pt.
File: MECH6323_HW02.pdf Graphic file (type pdf)
<use MECH6323_HW02.pdf, page 11>
Package pdftex.def Info: MECH6323_HW02.pdf , page11 used on input line 586.
(pdftex.def)             Requested size: 614.58406pt x 795.3441pt.
 [27 <./MECH6323_HW02.pdf>] (./MECH6323-HW02.aux)
Package rerunfilecheck Info: File `MECH6323-HW02.out' has not changed.
(rerunfilecheck)             Checksum: 5FF502480EE3D918FFC5270AD165FA5A;3695.
 ) 
Here is how much of TeX's memory you used:
 13881 strings out of 478599
 202647 string characters out of 5858102
 539603 words of memory out of 5000000
 31432 multiletter control sequences out of 15000+600000
 411639 words of font info for 59 fonts, out of 8000000 for 9000
 1141 hyphenation exceptions out of 8191
 71i,17n,81p,447b,464s stack positions out of 5000i,500n,10000p,200000b,80000s
<c:/texlive/2021/texmf-dist/fonts/type1/public/amsfonts/cm/cmbx10.pfb><c:/texlive/2021/texmf-dist/fonts/type1/public/amsfonts/cm/cmbx12.pfb><c:/texlive/2021/texmf-dist/fonts/type1/public/amsfonts/cm/cmex10.pfb><c:/texlive/2021/texmf-dist/fonts/type1/public/amsfonts/cm/cmmi10.pfb><c:/texlive/2021/texmf-dist/fonts/type1/public/amsfonts/cm/cmmi12.pfb><c:/texlive/2021/texmf-dist/fonts/type1/public/amsfonts/cm/cmmi5.pfb><c:/texlive/2021/texmf-dist/fonts/type1/public/amsfonts/cm/cmmi7.pfb><c:/texlive/2021/texmf-dist/fonts/type1/public/amsfonts/cm/cmr10.pfb><c:/texlive/2021/texmf-dist/fonts/type1/public/amsfonts/cm/cmr12.pfb><c:/texlive/2021/texmf-dist/fonts/type1/public/amsfonts/cm/cmr17.pfb><c:/texlive/2021/texmf-dist/fonts/type1/public/amsfonts/cm/cmr5.pfb><c:/texlive/2021/texmf-dist/fonts/type1/public/amsfonts/cm/cmr7.pfb><c:/texlive/2021/texmf-dist/fonts/type1/public/amsfonts/cm/cmsy10.pfb><c:/texlive/2021/texmf-dist/fonts/type1/public/amsfonts/cm/cmsy7.pfb><c:/texlive/2021/texmf-dist/fonts/type1/public/amsfonts/cm/cmsy8.pfb><c:/texlive/2021/texmf-dist/fonts/type1/public/amsfonts/cm/cmti10.pfb>
Output written on MECH6323-HW02.pdf (27 pages, 2659312 bytes).
PDF statistics:
 512 PDF objects out of 1000 (max. 8388607)
 406 compressed objects within 5 object streams
 124 named destinations out of 1000 (max. 500000)
 353 words of extra memory for PDF output out of 10000 (max. 10000000)

